#
# There is insufficient memory for the Java Runtime Environment to continue.
# Native memory allocation (malloc) failed to allocate 1634880 bytes. Error detail: Chunk::new
# Possible reasons:
#   The system is out of physical RAM or swap space
#   This process is running with CompressedOops enabled, and the Java Heap may be blocking the growth of the native heap
# Possible solutions:
#   Reduce memory load on the system
#   Increase physical memory or swap space
#   Check if swap backing store is full
#   Decrease Java heap size (-Xmx/-Xms)
#   Decrease number of Java threads
#   Decrease Java thread stack sizes (-Xss)
#   Set larger code cache with -XX:ReservedCodeCacheSize=
#   JVM is running with Unscaled Compressed Oops mode in which the Java heap is
#     placed in the first 4GB address space. The Java Heap base address is the
#     maximum limit for the native heap growth. Please use -XX:HeapBaseMinAddress
#     to set the Java Heap base and to place the Java Heap above 4GB virtual address.
# This output file may be truncated or incomplete.
#
#  Out of Memory Error (arena.cpp:168), pid=20676, tid=4764
#
# JRE version: OpenJDK Runtime Environment Temurin-21.0.7+6 (21.0.7+6) (build 21.0.7+6-LTS)
# Java VM: OpenJDK 64-Bit Server VM Temurin-21.0.7+6 (21.0.7+6-LTS, mixed mode, sharing, tiered, compressed oops, compressed class ptrs, parallel gc, windows-amd64)
# No core dump will be written. Minidumps are not enabled by default on client versions of Windows
#

---------------  S U M M A R Y ------------

Command Line: --add-modules=ALL-SYSTEM --add-opens=java.base/java.util=ALL-UNNAMED --add-opens=java.base/java.lang=ALL-UNNAMED --add-opens=java.base/sun.nio.fs=ALL-UNNAMED -Declipse.application=org.eclipse.jdt.ls.core.id1 -Dosgi.bundles.defaultStartLevel=4 -Declipse.product=org.eclipse.jdt.ls.core.product -Djava.import.generatesMetadataFilesAtProjectRoot=false -DDetectVMInstallationsJob.disabled=true -Dfile.encoding=utf8 -XX:+UseParallelGC -XX:GCTimeRatio=4 -XX:AdaptiveSizePolicyWeight=90 -Dsun.zip.disableMemoryMapping=true -Xmx1G -Xms100m -Xlog:disable -javaagent:c:\Users\mfaiz\.vscode\extensions\redhat.java-1.42.0-win32-x64\lombok\lombok-1.18.36.jar c:\Users\mfaiz\.vscode\extensions\redhat.java-1.42.0-win32-x64\server\plugins\org.eclipse.equinox.launcher_1.7.0.v20250424-1814.jar -configuration c:\Users\mfaiz\AppData\Roaming\Code\User\globalStorage\redhat.java\1.42.0\config_ss_win -data c:\Users\mfaiz\AppData\Roaming\Code\User\workspaceStorage\9962946c54f14e9d25a3d5b794bc32bb\redhat.java\ss_ws --pipe=\\.\pipe\lsp-50158eea7c50ed3cda2978efe3e273cd-sock

Host: AMD Ryzen 5 6600H with Radeon Graphics         , 12 cores, 15G,  Windows 11 , 64 bit Build 22621 (10.0.22621.5124)
Time: Mon May 26 13:35:07 2025 SE Asia Standard Time elapsed time: 3.965202 seconds (0d 0h 0m 3s)

---------------  T H R E A D  ---------------

Current thread (0x000001290ec3af40):  JavaThread "C2 CompilerThread1" daemon [_thread_in_native, id=4764, stack(0x00000010fc500000,0x00000010fc600000) (1024K)]


Current CompileTask:
C2:3965 3021       4       org.lombokweb.asm.ClassReader::readMethod (1070 bytes)

Stack: [0x00000010fc500000,0x00000010fc600000]
Native frames: (J=compiled Java code, j=interpreted, Vv=VM code, C=native code)
V  [jvm.dll+0x6ce119]
V  [jvm.dll+0x8a84a1]
V  [jvm.dll+0x8aa9ce]
V  [jvm.dll+0x8ab0b3]
V  [jvm.dll+0x27f8a6]
V  [jvm.dll+0xc507d]
V  [jvm.dll+0xc55b3]
V  [jvm.dll+0x3b692c]
V  [jvm.dll+0x382aa5]
V  [jvm.dll+0x381f0a]
V  [jvm.dll+0x247af0]
V  [jvm.dll+0x2470cf]
V  [jvm.dll+0x1c760e]
V  [jvm.dll+0x25695a]
V  [jvm.dll+0x254efa]
V  [jvm.dll+0x3f03f6]
V  [jvm.dll+0x851f6b]
V  [jvm.dll+0x6cc7dd]
C  [ucrtbase.dll+0x29333]
C  [KERNEL32.DLL+0x1259d]
C  [ntdll.dll+0x5af38]


---------------  P R O C E S S  ---------------

Threads class SMR info:
_java_thread_list=0x000001290990c390, length=23, elements={
0x00000128b21ac7a0, 0x00000128c659e630, 0x0000012909672f30, 0x00000129096751d0,
0x00000129096760e0, 0x0000012909676ff0, 0x000001290967ab60, 0x000001290967d6a0,
0x000001290967ef00, 0x000001290975ac90, 0x00000129099d63e0, 0x000001290e9c1740,
0x000001290eb740e0, 0x000001290e612d70, 0x000001290e1054b0, 0x000001290e096570,
0x000001290ed8a5f0, 0x000001290e9de5a0, 0x000001290ebf2ba0, 0x000001290edb2b40,
0x000001290ec3af40, 0x000001290f5761d0, 0x000001290edb1e20
}

Java Threads: ( => current thread )
  0x00000128b21ac7a0 JavaThread "main"                              [_thread_blocked, id=5272, stack(0x00000010fa500000,0x00000010fa600000) (1024K)]
  0x00000128c659e630 JavaThread "Reference Handler"          daemon [_thread_blocked, id=19420, stack(0x00000010fa900000,0x00000010faa00000) (1024K)]
  0x0000012909672f30 JavaThread "Finalizer"                  daemon [_thread_blocked, id=7764, stack(0x00000010faa00000,0x00000010fab00000) (1024K)]
  0x00000129096751d0 JavaThread "Signal Dispatcher"          daemon [_thread_blocked, id=16700, stack(0x00000010fab00000,0x00000010fac00000) (1024K)]
  0x00000129096760e0 JavaThread "Attach Listener"            daemon [_thread_blocked, id=17152, stack(0x00000010fac00000,0x00000010fad00000) (1024K)]
  0x0000012909676ff0 JavaThread "Service Thread"             daemon [_thread_blocked, id=17104, stack(0x00000010fad00000,0x00000010fae00000) (1024K)]
  0x000001290967ab60 JavaThread "Monitor Deflation Thread"   daemon [_thread_blocked, id=1324, stack(0x00000010fae00000,0x00000010faf00000) (1024K)]
  0x000001290967d6a0 JavaThread "C2 CompilerThread0"         daemon [_thread_blocked, id=18016, stack(0x00000010faf00000,0x00000010fb000000) (1024K)]
  0x000001290967ef00 JavaThread "C1 CompilerThread0"         daemon [_thread_in_native, id=12672, stack(0x00000010fb000000,0x00000010fb100000) (1024K)]
  0x000001290975ac90 JavaThread "Common-Cleaner"             daemon [_thread_blocked, id=16168, stack(0x00000010fb100000,0x00000010fb200000) (1024K)]
  0x00000129099d63e0 JavaThread "Notification Thread"        daemon [_thread_blocked, id=15692, stack(0x00000010fb300000,0x00000010fb400000) (1024K)]
  0x000001290e9c1740 JavaThread "Active Thread: Equinox Container: 9d91522a-2c2f-4ed5-991d-13e92215d071"        [_thread_blocked, id=13776, stack(0x00000010fbb00000,0x00000010fbc00000) (1024K)]
  0x000001290eb740e0 JavaThread "Framework Event Dispatcher: Equinox Container: 9d91522a-2c2f-4ed5-991d-13e92215d071" daemon [_thread_blocked, id=8852, stack(0x00000010fbc00000,0x00000010fbd00000) (1024K)]
  0x000001290e612d70 JavaThread "Start Level: Equinox Container: 9d91522a-2c2f-4ed5-991d-13e92215d071" daemon [_thread_in_Java, id=5016, stack(0x00000010fbd00000,0x00000010fbe00000) (1024K)]
  0x000001290e1054b0 JavaThread "SCR Component Actor"        daemon [_thread_blocked, id=18388, stack(0x00000010fbe00000,0x00000010fbf00000) (1024K)]
  0x000001290e096570 JavaThread "SCR Component Registry"     daemon [_thread_blocked, id=21300, stack(0x00000010fb400000,0x00000010fb500000) (1024K)]
  0x000001290ed8a5f0 JavaThread "Worker-JM"                         [_thread_blocked, id=21500, stack(0x00000010fc100000,0x00000010fc200000) (1024K)]
  0x000001290e9de5a0 JavaThread "JNA Cleaner"                daemon [_thread_blocked, id=20056, stack(0x00000010fb200000,0x00000010fb300000) (1024K)]
  0x000001290ebf2ba0 JavaThread "Worker-0"                          [_thread_blocked, id=20260, stack(0x00000010fc000000,0x00000010fc100000) (1024K)]
  0x000001290edb2b40 JavaThread "Worker-1"                          [_thread_blocked, id=19188, stack(0x00000010fc400000,0x00000010fc500000) (1024K)]
=>0x000001290ec3af40 JavaThread "C2 CompilerThread1"         daemon [_thread_in_native, id=4764, stack(0x00000010fc500000,0x00000010fc600000) (1024K)]
  0x000001290f5761d0 JavaThread "C2 CompilerThread2"         daemon [_thread_blocked, id=7784, stack(0x00000010fc600000,0x00000010fc700000) (1024K)]
  0x000001290edb1e20 JavaThread "Worker-2"                          [_thread_blocked, id=11124, stack(0x00000010fc800000,0x00000010fc900000) (1024K)]
Total: 23

Other Threads:
  0x00000128b226e950 VMThread "VM Thread"                           [id=21124, stack(0x00000010fa800000,0x00000010fa900000) (1024K)]
  0x00000128b2218460 WatcherThread "VM Periodic Task Thread"        [id=18920, stack(0x00000010fa700000,0x00000010fa800000) (1024K)]
  0x00000128b21cb690 WorkerThread "GC Thread#0"                     [id=16408, stack(0x00000010fa600000,0x00000010fa700000) (1024K)]
  0x000001290e51c180 WorkerThread "GC Thread#1"                     [id=11408, stack(0x00000010fb500000,0x00000010fb600000) (1024K)]
  0x000001290e9c1ed0 WorkerThread "GC Thread#2"                     [id=5508, stack(0x00000010fb600000,0x00000010fb700000) (1024K)]
  0x000001290e9c2270 WorkerThread "GC Thread#3"                     [id=7604, stack(0x00000010fb700000,0x00000010fb800000) (1024K)]
  0x000001290e9c2610 WorkerThread "GC Thread#4"                     [id=15516, stack(0x00000010fb800000,0x00000010fb900000) (1024K)]
  0x000001290e9c29b0 WorkerThread "GC Thread#5"                     [id=20048, stack(0x00000010fb900000,0x00000010fba00000) (1024K)]
  0x000001290e4398d0 WorkerThread "GC Thread#6"                     [id=17940, stack(0x00000010fba00000,0x00000010fbb00000) (1024K)]
  0x000001290e8690f0 WorkerThread "GC Thread#7"                     [id=4716, stack(0x00000010fbf00000,0x00000010fc000000) (1024K)]
  0x000001290e9d6ca0 WorkerThread "GC Thread#8"                     [id=3260, stack(0x00000010fc200000,0x00000010fc300000) (1024K)]
  0x000001290e9d6560 WorkerThread "GC Thread#9"                     [id=8892, stack(0x00000010fc300000,0x00000010fc400000) (1024K)]
Total: 12

Threads with active compile tasks:
C1 CompilerThread0  3991 3455       3       java.net.URL::<init> (11 bytes)
C2 CompilerThread1  3991 3021       4       org.lombokweb.asm.ClassReader::readMethod (1070 bytes)
Total: 2

VM state: not at safepoint (normal execution)

VM Mutex/Monitor currently owned by a thread: None

Heap address: 0x00000000c0000000, size: 1024 MB, Compressed Oops mode: 32-bit

CDS archive(s) mapped at: [0x00000128c7000000-0x00000128c7ba0000-0x00000128c7ba0000), size 12189696, SharedBaseAddress: 0x00000128c7000000, ArchiveRelocationMode: 1.
Compressed class space mapped at: 0x00000128c8000000-0x0000012908000000, reserved size: 1073741824
Narrow klass base: 0x00000128c7000000, Narrow klass shift: 0, Narrow klass range: 0x100000000

GC Precious Log:
 CardTable entry size: 512
 CPUs: 12 total, 12 available
 Memory: 15611M
 Large Page Support: Disabled
 NUMA Support: Disabled
 Compressed Oops: Enabled (32-bit)
 Alignments: Space 512K, Generation 512K, Heap 2M
 Heap Min Capacity: 100M
 Heap Initial Capacity: 100M
 Heap Max Capacity: 1G
 Pre-touch: Disabled
 Parallel Workers: 10

Heap:
 PSYoungGen      total 26624K, used 22001K [0x00000000eab00000, 0x00000000ec900000, 0x0000000100000000)
  eden space 24576K, 81% used [0x00000000eab00000,0x00000000ebe82398,0x00000000ec300000)
  from space 2048K, 98% used [0x00000000ec400000,0x00000000ec5fa2b0,0x00000000ec600000)
  to   space 3072K, 0% used [0x00000000ec600000,0x00000000ec600000,0x00000000ec900000)
 ParOldGen       total 68608K, used 8825K [0x00000000c0000000, 0x00000000c4300000, 0x00000000eab00000)
  object space 68608K, 12% used [0x00000000c0000000,0x00000000c089e698,0x00000000c4300000)
 Metaspace       used 25755K, committed 26560K, reserved 1114112K
  class space    used 2438K, committed 2752K, reserved 1048576K

Card table byte_map: [0x00000128b1b70000,0x00000128b1d80000] _byte_map_base: 0x00000128b1570000

Marking Bits: (ParMarkBitMap*) 0x00007ffb375731f0
 Begin Bits: [0x00000128c43a0000, 0x00000128c53a0000)
 End Bits:   [0x00000128c53a0000, 0x00000128c63a0000)

Polling page: 0x00000128aff30000

Metaspace:

Usage:
  Non-class:     22.77 MB used.
      Class:      2.38 MB used.
       Both:     25.15 MB used.

Virtual space:
  Non-class space:       64.00 MB reserved,      23.25 MB ( 36%) committed,  1 nodes.
      Class space:        1.00 GB reserved,       2.69 MB ( <1%) committed,  1 nodes.
             Both:        1.06 GB reserved,      25.94 MB (  2%) committed. 

Chunk freelists:
   Non-Class:  8.80 MB
       Class:  13.16 MB
        Both:  21.95 MB

MaxMetaspaceSize: unlimited
CompressedClassSpaceSize: 1.00 GB
Initial GC threshold: 21.00 MB
Current GC threshold: 35.00 MB
CDS: on
 - commit_granule_bytes: 65536.
 - commit_granule_words: 8192.
 - virtual_space_node_default_size: 8388608.
 - enlarge_chunks_in_place: 1.
 - use_allocation_guard: 0.


Internal statistics:

num_allocs_failed_limit: 3.
num_arena_births: 552.
num_arena_deaths: 14.
num_vsnodes_births: 2.
num_vsnodes_deaths: 0.
num_space_committed: 415.
num_space_uncommitted: 0.
num_chunks_returned_to_freelist: 17.
num_chunks_taken_from_freelist: 1517.
num_chunk_merges: 9.
num_chunk_splits: 993.
num_chunks_enlarged: 632.
num_inconsistent_stats: 0.

CodeHeap 'non-profiled nmethods': size=120000Kb used=1537Kb max_used=1537Kb free=118462Kb
 bounds [0x00000128bce70000, 0x00000128bd0e0000, 0x00000128c43a0000]
CodeHeap 'profiled nmethods': size=120000Kb used=6881Kb max_used=6881Kb free=113118Kb
 bounds [0x00000128b53a0000, 0x00000128b5a60000, 0x00000128bc8d0000]
CodeHeap 'non-nmethods': size=5760Kb used=1330Kb max_used=1350Kb free=4429Kb
 bounds [0x00000128bc8d0000, 0x00000128bcb40000, 0x00000128bce70000]
 total_blobs=4068 nmethods=3451 adapters=523
 compilation: enabled
              stopped_count=0, restarted_count=0
 full_count=0

Compilation events (20 events):
Event: 3.901 Thread 0x000001290967ef00 nmethod 3355 0x00000128b5a35290 code [0x00000128b5a35440, 0x00000128b5a355e8]
Event: 3.901 Thread 0x000001290967ef00 3358       3       org.eclipse.core.runtime.Path::segment (17 bytes)
Event: 3.901 Thread 0x000001290967ef00 nmethod 3358 0x00000128b5a35690 code [0x00000128b5a35840, 0x00000128b5a359f0]
Event: 3.901 Thread 0x000001290967ef00 3360       3       com.sun.org.apache.xerces.internal.dom.AttrImpl::getNodeName (16 bytes)
Event: 3.901 Thread 0x000001290967ef00 nmethod 3360 0x00000128b5a35b10 code [0x00000128b5a35cc0, 0x00000128b5a35f80]
Event: 3.901 Thread 0x000001290967ef00 3354       1       com.sun.org.apache.xerces.internal.dom.DocumentImpl::getMutationEvents (5 bytes)
Event: 3.901 Thread 0x000001290967ef00 nmethod 3354 0x00000128bcfe2f10 code [0x00000128bcfe30a0, 0x00000128bcfe3170]
Event: 3.902 Thread 0x000001290967ef00 3357       1       com.sun.org.apache.xerces.internal.dom.AttrImpl::getNodeType (2 bytes)
Event: 3.902 Thread 0x000001290967ef00 nmethod 3357 0x00000128bcfe3210 code [0x00000128bcfe33a0, 0x00000128bcfe3468]
Event: 3.902 Thread 0x000001290967ef00 3359       1       com.sun.org.apache.xerces.internal.dom.ElementImpl::getNodeType (2 bytes)
Event: 3.902 Thread 0x000001290967ef00 nmethod 3359 0x00000128bcfe3510 code [0x00000128bcfe36a0, 0x00000128bcfe3768]
Event: 3.902 Thread 0x000001290967ef00 3356       3       java.util.Set::of (9 bytes)
Event: 3.902 Thread 0x000001290967ef00 nmethod 3356 0x00000128b5a36090 code [0x00000128b5a36280, 0x00000128b5a36730]
Event: 3.902 Thread 0x000001290967ef00 3361       3       java.lang.invoke.MethodHandles$Lookup::getDirectMethodNoSecurityManager (18 bytes)
Event: 3.902 Thread 0x000001290967ef00 nmethod 3361 0x00000128b5a36910 code [0x00000128b5a36ac0, 0x00000128b5a36c10]
Event: 3.903 Thread 0x000001290967ef00 3362       3       org.eclipse.core.internal.resources.Workspace::getWorkManager (30 bytes)
Event: 3.903 Thread 0x000001290967ef00 nmethod 3362 0x00000128b5a36d10 code [0x00000128b5a36ec0, 0x00000128b5a37100]
Event: 3.904 Thread 0x000001290f5761d0 3363       4       java.lang.AbstractStringBuilder::<init> (63 bytes)
Event: 3.907 Thread 0x000001290967d6a0 nmethod 3335 0x00000128bcfe3810 code [0x00000128bcfe3a00, 0x00000128bcfe4248]
Event: 3.911 Thread 0x000001290967d6a0 3364       4       java.lang.AbstractStringBuilder::append (45 bytes)

GC Heap History (16 events):
Event: 1.065 GC heap before
{Heap before GC invocations=1 (full 0):
 PSYoungGen      total 29696K, used 25600K [0x00000000eab00000, 0x00000000ecc00000, 0x0000000100000000)
  eden space 25600K, 100% used [0x00000000eab00000,0x00000000ec400000,0x00000000ec400000)
  from space 4096K, 0% used [0x00000000ec800000,0x00000000ec800000,0x00000000ecc00000)
  to   space 4096K, 0% used [0x00000000ec400000,0x00000000ec400000,0x00000000ec800000)
 ParOldGen       total 68608K, used 0K [0x00000000c0000000, 0x00000000c4300000, 0x00000000eab00000)
  object space 68608K, 0% used [0x00000000c0000000,0x00000000c0000000,0x00000000c4300000)
 Metaspace       used 4330K, committed 4544K, reserved 1114112K
  class space    used 458K, committed 576K, reserved 1048576K
}
Event: 1.074 GC heap after
{Heap after GC invocations=1 (full 0):
 PSYoungGen      total 29696K, used 3270K [0x00000000eab00000, 0x00000000ecc00000, 0x0000000100000000)
  eden space 25600K, 0% used [0x00000000eab00000,0x00000000eab00000,0x00000000ec400000)
  from space 4096K, 79% used [0x00000000ec400000,0x00000000ec731870,0x00000000ec800000)
  to   space 4096K, 0% used [0x00000000ec800000,0x00000000ec800000,0x00000000ecc00000)
 ParOldGen       total 68608K, used 16K [0x00000000c0000000, 0x00000000c4300000, 0x00000000eab00000)
  object space 68608K, 0% used [0x00000000c0000000,0x00000000c0004000,0x00000000c4300000)
 Metaspace       used 4330K, committed 4544K, reserved 1114112K
  class space    used 458K, committed 576K, reserved 1048576K
}
Event: 1.761 GC heap before
{Heap before GC invocations=2 (full 0):
 PSYoungGen      total 29696K, used 28870K [0x00000000eab00000, 0x00000000ecc00000, 0x0000000100000000)
  eden space 25600K, 100% used [0x00000000eab00000,0x00000000ec400000,0x00000000ec400000)
  from space 4096K, 79% used [0x00000000ec400000,0x00000000ec731870,0x00000000ec800000)
  to   space 4096K, 0% used [0x00000000ec800000,0x00000000ec800000,0x00000000ecc00000)
 ParOldGen       total 68608K, used 16K [0x00000000c0000000, 0x00000000c4300000, 0x00000000eab00000)
  object space 68608K, 0% used [0x00000000c0000000,0x00000000c0004000,0x00000000c4300000)
 Metaspace       used 8277K, committed 8576K, reserved 1114112K
  class space    used 850K, committed 1024K, reserved 1048576K
}
Event: 1.767 GC heap after
{Heap after GC invocations=2 (full 0):
 PSYoungGen      total 29696K, used 4090K [0x00000000eab00000, 0x00000000ecc00000, 0x0000000100000000)
  eden space 25600K, 0% used [0x00000000eab00000,0x00000000eab00000,0x00000000ec400000)
  from space 4096K, 99% used [0x00000000ec800000,0x00000000ecbfe9b8,0x00000000ecc00000)
  to   space 4096K, 0% used [0x00000000ec400000,0x00000000ec400000,0x00000000ec800000)
 ParOldGen       total 68608K, used 889K [0x00000000c0000000, 0x00000000c4300000, 0x00000000eab00000)
  object space 68608K, 1% used [0x00000000c0000000,0x00000000c00de6a8,0x00000000c4300000)
 Metaspace       used 8277K, committed 8576K, reserved 1114112K
  class space    used 850K, committed 1024K, reserved 1048576K
}
Event: 2.309 GC heap before
{Heap before GC invocations=3 (full 0):
 PSYoungGen      total 29696K, used 29690K [0x00000000eab00000, 0x00000000ecc00000, 0x0000000100000000)
  eden space 25600K, 100% used [0x00000000eab00000,0x00000000ec400000,0x00000000ec400000)
  from space 4096K, 99% used [0x00000000ec800000,0x00000000ecbfe9b8,0x00000000ecc00000)
  to   space 4096K, 0% used [0x00000000ec400000,0x00000000ec400000,0x00000000ec800000)
 ParOldGen       total 68608K, used 889K [0x00000000c0000000, 0x00000000c4300000, 0x00000000eab00000)
  object space 68608K, 1% used [0x00000000c0000000,0x00000000c00de6a8,0x00000000c4300000)
 Metaspace       used 13029K, committed 13568K, reserved 1114112K
  class space    used 1336K, committed 1536K, reserved 1048576K
}
Event: 2.316 GC heap after
{Heap after GC invocations=3 (full 0):
 PSYoungGen      total 29696K, used 4067K [0x00000000eab00000, 0x00000000ecc00000, 0x0000000100000000)
  eden space 25600K, 0% used [0x00000000eab00000,0x00000000eab00000,0x00000000ec400000)
  from space 4096K, 99% used [0x00000000ec400000,0x00000000ec7f8f38,0x00000000ec800000)
  to   space 4096K, 0% used [0x00000000ec800000,0x00000000ec800000,0x00000000ecc00000)
 ParOldGen       total 68608K, used 2787K [0x00000000c0000000, 0x00000000c4300000, 0x00000000eab00000)
  object space 68608K, 4% used [0x00000000c0000000,0x00000000c02b8ee8,0x00000000c4300000)
 Metaspace       used 13029K, committed 13568K, reserved 1114112K
  class space    used 1336K, committed 1536K, reserved 1048576K
}
Event: 2.956 GC heap before
{Heap before GC invocations=4 (full 0):
 PSYoungGen      total 29696K, used 29667K [0x00000000eab00000, 0x00000000ecc00000, 0x0000000100000000)
  eden space 25600K, 100% used [0x00000000eab00000,0x00000000ec400000,0x00000000ec400000)
  from space 4096K, 99% used [0x00000000ec400000,0x00000000ec7f8f38,0x00000000ec800000)
  to   space 4096K, 0% used [0x00000000ec800000,0x00000000ec800000,0x00000000ecc00000)
 ParOldGen       total 68608K, used 2787K [0x00000000c0000000, 0x00000000c4300000, 0x00000000eab00000)
  object space 68608K, 4% used [0x00000000c0000000,0x00000000c02b8ee8,0x00000000c4300000)
 Metaspace       used 17091K, committed 17792K, reserved 1114112K
  class space    used 1737K, committed 2048K, reserved 1048576K
}
Event: 2.963 GC heap after
{Heap after GC invocations=4 (full 0):
 PSYoungGen      total 29696K, used 4093K [0x00000000eab00000, 0x00000000ecc00000, 0x0000000100000000)
  eden space 25600K, 0% used [0x00000000eab00000,0x00000000eab00000,0x00000000ec400000)
  from space 4096K, 99% used [0x00000000ec800000,0x00000000ecbff428,0x00000000ecc00000)
  to   space 4096K, 0% used [0x00000000ec400000,0x00000000ec400000,0x00000000ec800000)
 ParOldGen       total 68608K, used 4768K [0x00000000c0000000, 0x00000000c4300000, 0x00000000eab00000)
  object space 68608K, 6% used [0x00000000c0000000,0x00000000c04a8058,0x00000000c4300000)
 Metaspace       used 17091K, committed 17792K, reserved 1114112K
  class space    used 1737K, committed 2048K, reserved 1048576K
}
Event: 3.256 GC heap before
{Heap before GC invocations=5 (full 0):
 PSYoungGen      total 29696K, used 29693K [0x00000000eab00000, 0x00000000ecc00000, 0x0000000100000000)
  eden space 25600K, 100% used [0x00000000eab00000,0x00000000ec400000,0x00000000ec400000)
  from space 4096K, 99% used [0x00000000ec800000,0x00000000ecbff428,0x00000000ecc00000)
  to   space 4096K, 0% used [0x00000000ec400000,0x00000000ec400000,0x00000000ec800000)
 ParOldGen       total 68608K, used 4768K [0x00000000c0000000, 0x00000000c4300000, 0x00000000eab00000)
  object space 68608K, 6% used [0x00000000c0000000,0x00000000c04a8058,0x00000000c4300000)
 Metaspace       used 19945K, committed 20608K, reserved 1114112K
  class space    used 1914K, committed 2240K, reserved 1048576K
}
Event: 3.260 GC heap after
{Heap after GC invocations=5 (full 0):
 PSYoungGen      total 29184K, used 4072K [0x00000000eab00000, 0x00000000ecd80000, 0x0000000100000000)
  eden space 25088K, 0% used [0x00000000eab00000,0x00000000eab00000,0x00000000ec380000)
  from space 4096K, 99% used [0x00000000ec400000,0x00000000ec7fa398,0x00000000ec800000)
  to   space 5120K, 0% used [0x00000000ec880000,0x00000000ec880000,0x00000000ecd80000)
 ParOldGen       total 68608K, used 5032K [0x00000000c0000000, 0x00000000c4300000, 0x00000000eab00000)
  object space 68608K, 7% used [0x00000000c0000000,0x00000000c04ea058,0x00000000c4300000)
 Metaspace       used 19945K, committed 20608K, reserved 1114112K
  class space    used 1914K, committed 2240K, reserved 1048576K
}
Event: 3.355 GC heap before
{Heap before GC invocations=6 (full 0):
 PSYoungGen      total 29184K, used 10025K [0x00000000eab00000, 0x00000000ecd80000, 0x0000000100000000)
  eden space 25088K, 23% used [0x00000000eab00000,0x00000000eb0d0428,0x00000000ec380000)
  from space 4096K, 99% used [0x00000000ec400000,0x00000000ec7fa398,0x00000000ec800000)
  to   space 5120K, 0% used [0x00000000ec880000,0x00000000ec880000,0x00000000ecd80000)
 ParOldGen       total 68608K, used 5032K [0x00000000c0000000, 0x00000000c4300000, 0x00000000eab00000)
  object space 68608K, 7% used [0x00000000c0000000,0x00000000c04ea058,0x00000000c4300000)
 Metaspace       used 20828K, committed 21504K, reserved 1114112K
  class space    used 1987K, committed 2304K, reserved 1048576K
}
Event: 3.360 GC heap after
{Heap after GC invocations=6 (full 0):
 PSYoungGen      total 29696K, used 4218K [0x00000000eab00000, 0x00000000ecd00000, 0x0000000100000000)
  eden space 25088K, 0% used [0x00000000eab00000,0x00000000eab00000,0x00000000ec380000)
  from space 4608K, 91% used [0x00000000ec880000,0x00000000ecc9ea28,0x00000000ecd00000)
  to   space 4608K, 0% used [0x00000000ec400000,0x00000000ec400000,0x00000000ec880000)
 ParOldGen       total 68608K, used 5040K [0x00000000c0000000, 0x00000000c4300000, 0x00000000eab00000)
  object space 68608K, 7% used [0x00000000c0000000,0x00000000c04ec058,0x00000000c4300000)
 Metaspace       used 20828K, committed 21504K, reserved 1114112K
  class space    used 1987K, committed 2304K, reserved 1048576K
}
Event: 3.360 GC heap before
{Heap before GC invocations=7 (full 1):
 PSYoungGen      total 29696K, used 4218K [0x00000000eab00000, 0x00000000ecd00000, 0x0000000100000000)
  eden space 25088K, 0% used [0x00000000eab00000,0x00000000eab00000,0x00000000ec380000)
  from space 4608K, 91% used [0x00000000ec880000,0x00000000ecc9ea28,0x00000000ecd00000)
  to   space 4608K, 0% used [0x00000000ec400000,0x00000000ec400000,0x00000000ec880000)
 ParOldGen       total 68608K, used 5040K [0x00000000c0000000, 0x00000000c4300000, 0x00000000eab00000)
  object space 68608K, 7% used [0x00000000c0000000,0x00000000c04ec058,0x00000000c4300000)
 Metaspace       used 20828K, committed 21504K, reserved 1114112K
  class space    used 1987K, committed 2304K, reserved 1048576K
}
Event: 3.391 GC heap after
{Heap after GC invocations=7 (full 1):
 PSYoungGen      total 29696K, used 0K [0x00000000eab00000, 0x00000000ecd00000, 0x0000000100000000)
  eden space 25088K, 0% used [0x00000000eab00000,0x00000000eab00000,0x00000000ec380000)
  from space 4608K, 0% used [0x00000000ec880000,0x00000000ec880000,0x00000000ecd00000)
  to   space 4608K, 0% used [0x00000000ec400000,0x00000000ec400000,0x00000000ec880000)
 ParOldGen       total 68608K, used 8817K [0x00000000c0000000, 0x00000000c4300000, 0x00000000eab00000)
  object space 68608K, 12% used [0x00000000c0000000,0x00000000c089c698,0x00000000c4300000)
 Metaspace       used 20816K, committed 21504K, reserved 1114112K
  class space    used 1984K, committed 2304K, reserved 1048576K
}
Event: 3.636 GC heap before
{Heap before GC invocations=8 (full 1):
 PSYoungGen      total 29696K, used 25088K [0x00000000eab00000, 0x00000000ecd00000, 0x0000000100000000)
  eden space 25088K, 100% used [0x00000000eab00000,0x00000000ec380000,0x00000000ec380000)
  from space 4608K, 0% used [0x00000000ec880000,0x00000000ec880000,0x00000000ecd00000)
  to   space 4608K, 0% used [0x00000000ec400000,0x00000000ec400000,0x00000000ec880000)
 ParOldGen       total 68608K, used 8817K [0x00000000c0000000, 0x00000000c4300000, 0x00000000eab00000)
  object space 68608K, 12% used [0x00000000c0000000,0x00000000c089c698,0x00000000c4300000)
 Metaspace       used 22528K, committed 23232K, reserved 1114112K
  class space    used 2102K, committed 2432K, reserved 1048576K
}
Event: 3.638 GC heap after
{Heap after GC invocations=8 (full 1):
 PSYoungGen      total 26624K, used 2024K [0x00000000eab00000, 0x00000000ec900000, 0x0000000100000000)
  eden space 24576K, 0% used [0x00000000eab00000,0x00000000eab00000,0x00000000ec300000)
  from space 2048K, 98% used [0x00000000ec400000,0x00000000ec5fa2b0,0x00000000ec600000)
  to   space 3072K, 0% used [0x00000000ec600000,0x00000000ec600000,0x00000000ec900000)
 ParOldGen       total 68608K, used 8825K [0x00000000c0000000, 0x00000000c4300000, 0x00000000eab00000)
  object space 68608K, 12% used [0x00000000c0000000,0x00000000c089e698,0x00000000c4300000)
 Metaspace       used 22528K, committed 23232K, reserved 1114112K
  class space    used 2102K, committed 2432K, reserved 1048576K
}

Dll operation events (10 events):
Event: 0.029 Loaded shared library c:\Users\mfaiz\.vscode\extensions\redhat.java-1.42.0-win32-x64\jre\21.0.7-win32-x86_64\bin\java.dll
Event: 0.125 Loaded shared library c:\Users\mfaiz\.vscode\extensions\redhat.java-1.42.0-win32-x64\jre\21.0.7-win32-x86_64\bin\zip.dll
Event: 0.154 Loaded shared library C:\Users\mfaiz\.vscode\extensions\redhat.java-1.42.0-win32-x64\jre\21.0.7-win32-x86_64\bin\instrument.dll
Event: 0.160 Loaded shared library C:\Users\mfaiz\.vscode\extensions\redhat.java-1.42.0-win32-x64\jre\21.0.7-win32-x86_64\bin\net.dll
Event: 0.163 Loaded shared library C:\Users\mfaiz\.vscode\extensions\redhat.java-1.42.0-win32-x64\jre\21.0.7-win32-x86_64\bin\nio.dll
Event: 0.168 Loaded shared library C:\Users\mfaiz\.vscode\extensions\redhat.java-1.42.0-win32-x64\jre\21.0.7-win32-x86_64\bin\zip.dll
Event: 0.195 Loaded shared library C:\Users\mfaiz\.vscode\extensions\redhat.java-1.42.0-win32-x64\jre\21.0.7-win32-x86_64\bin\jimage.dll
Event: 0.310 Loaded shared library c:\Users\mfaiz\.vscode\extensions\redhat.java-1.42.0-win32-x64\jre\21.0.7-win32-x86_64\bin\verify.dll
Event: 1.728 Loaded shared library C:\Users\mfaiz\AppData\Roaming\Code\User\globalStorage\redhat.java\1.42.0\config_ss_win\org.eclipse.equinox.launcher\org.eclipse.equinox.launcher.win32.win32.x86_64_1.2.1300.v20250331-1702\eclipse_11911.dll
Event: 2.759 Loaded shared library C:\Users\mfaiz\AppData\Local\Temp\jna-74358575\jna8203633351441438828.dll

Deoptimization events (20 events):
Event: 3.756 Thread 0x000001290e612d70 Uncommon trap: trap_request=0xffffff3d fr.pc=0x00000128bcfd1bdc relative=0x000000000000009c
Event: 3.756 Thread 0x000001290e612d70 Uncommon trap: reason=unstable_fused_if action=reinterpret pc=0x00000128bcfd1bdc method=java.lang.StrictMath.floorOrCeil(DDDD)D @ 8 c2
Event: 3.756 Thread 0x000001290e612d70 DEOPT PACKING pc=0x00000128bcfd1bdc sp=0x00000010fbdfd3f0
Event: 3.757 Thread 0x000001290e612d70 DEOPT UNPACKING pc=0x00000128bc923aa2 sp=0x00000010fbdfd2b0 mode 2
Event: 3.784 Thread 0x000001290ebf2ba0 Uncommon trap: trap_request=0xffffff45 fr.pc=0x00000128bcf95134 relative=0x0000000000000094
Event: 3.784 Thread 0x000001290ebf2ba0 Uncommon trap: reason=unstable_if action=reinterpret pc=0x00000128bcf95134 method=org.eclipse.core.runtime.Path.segment(I)Ljava/lang/String; @ 8 c2
Event: 3.784 Thread 0x000001290ebf2ba0 DEOPT PACKING pc=0x00000128bcf95134 sp=0x00000010fc0fe8e0
Event: 3.784 Thread 0x000001290ebf2ba0 DEOPT UNPACKING pc=0x00000128bc923aa2 sp=0x00000010fc0fe870 mode 2
Event: 3.804 Thread 0x000001290ebf2ba0 DEOPT PACKING pc=0x00000128b5717ef4 sp=0x00000010fc0fbf40
Event: 3.804 Thread 0x000001290ebf2ba0 DEOPT UNPACKING pc=0x00000128bc924242 sp=0x00000010fc0fb558 mode 0
Event: 3.804 Thread 0x000001290ebf2ba0 DEOPT PACKING pc=0x00000128b5717ef4 sp=0x00000010fc0fdd30
Event: 3.804 Thread 0x000001290ebf2ba0 DEOPT UNPACKING pc=0x00000128bc924242 sp=0x00000010fc0fd348 mode 0
Event: 3.901 Thread 0x000001290ebf2ba0 Uncommon trap: trap_request=0xffffffde fr.pc=0x00000128bcfd322c relative=0x00000000000007ec
Event: 3.901 Thread 0x000001290ebf2ba0 Uncommon trap: reason=class_check action=maybe_recompile pc=0x00000128bcfd322c method=java.util.HashMap.putVal(ILjava/lang/Object;Ljava/lang/Object;ZZ)Ljava/lang/Object; @ 91 c2
Event: 3.901 Thread 0x000001290ebf2ba0 DEOPT PACKING pc=0x00000128bcfd322c sp=0x00000010fc0fe620
Event: 3.901 Thread 0x000001290ebf2ba0 DEOPT UNPACKING pc=0x00000128bc923aa2 sp=0x00000010fc0fe528 mode 2
Event: 3.903 Thread 0x000001290ebf2ba0 Uncommon trap: trap_request=0xffffffde fr.pc=0x00000128bcfd322c relative=0x00000000000007ec
Event: 3.903 Thread 0x000001290ebf2ba0 Uncommon trap: reason=class_check action=maybe_recompile pc=0x00000128bcfd322c method=java.util.HashMap.putVal(ILjava/lang/Object;Ljava/lang/Object;ZZ)Ljava/lang/Object; @ 91 c2
Event: 3.903 Thread 0x000001290ebf2ba0 DEOPT PACKING pc=0x00000128bcfd322c sp=0x00000010fc0fe620
Event: 3.903 Thread 0x000001290ebf2ba0 DEOPT UNPACKING pc=0x00000128bc923aa2 sp=0x00000010fc0fe528 mode 2

Classes loaded (20 events):
Event: 3.908 Loading class com/sun/org/apache/xalan/internal/utils/FeaturePropertyBase$State
Event: 3.908 Loading class com/sun/org/apache/xalan/internal/utils/FeaturePropertyBase$State done
Event: 3.908 Loading class com/sun/org/apache/xalan/internal/utils/XMLSecurityPropertyManager$Property
Event: 3.908 Loading class com/sun/org/apache/xalan/internal/utils/XMLSecurityPropertyManager$Property done
Event: 3.908 Loading class jdk/xml/internal/XMLSecurityManager
Event: 3.908 Loading class jdk/xml/internal/XMLSecurityManager done
Event: 3.909 Loading class jdk/xml/internal/XMLSecurityManager$Limit
Event: 3.909 Loading class jdk/xml/internal/XMLSecurityManager$Limit done
Event: 3.909 Loading class jdk/xml/internal/XMLSecurityManager$Processor
Event: 3.909 Loading class jdk/xml/internal/XMLSecurityManager$Processor done
Event: 3.910 Loading class jdk/xml/internal/XMLSecurityManager$NameMap
Event: 3.911 Loading class jdk/xml/internal/XMLSecurityManager$NameMap done
Event: 3.911 Loading class jdk/xml/internal/JdkProperty
Event: 3.911 Loading class jdk/xml/internal/JdkProperty done
Event: 3.912 Loading class javax/xml/catalog/CatalogFeatures$State
Event: 3.912 Loading class javax/xml/catalog/CatalogFeatures$State done
Event: 3.912 Loading class javax/xml/catalog/Util
Event: 3.913 Loading class javax/xml/catalog/Util done
Event: 3.914 Loading class javax/xml/catalog/CatalogMessages
Event: 3.914 Loading class javax/xml/catalog/CatalogMessages done

Classes unloaded (7 events):
Event: 3.364 Thread 0x00000128b226e950 Unloading class 0x00000128c818ac00 'java/lang/invoke/LambdaForm$MH+0x00000128c818ac00'
Event: 3.364 Thread 0x00000128b226e950 Unloading class 0x00000128c818a800 'java/lang/invoke/LambdaForm$MH+0x00000128c818a800'
Event: 3.364 Thread 0x00000128b226e950 Unloading class 0x00000128c818a400 'java/lang/invoke/LambdaForm$MH+0x00000128c818a400'
Event: 3.364 Thread 0x00000128b226e950 Unloading class 0x00000128c818a000 'java/lang/invoke/LambdaForm$MH+0x00000128c818a000'
Event: 3.364 Thread 0x00000128b226e950 Unloading class 0x00000128c8189c00 'java/lang/invoke/LambdaForm$BMH+0x00000128c8189c00'
Event: 3.364 Thread 0x00000128b226e950 Unloading class 0x00000128c8189800 'java/lang/invoke/LambdaForm$DMH+0x00000128c8189800'
Event: 3.364 Thread 0x00000128b226e950 Unloading class 0x00000128c8188400 'java/lang/invoke/LambdaForm$DMH+0x00000128c8188400'

Classes redefined (0 events):
No events

Internal exceptions (20 events):
Event: 3.847 Thread 0x000001290ebf2ba0 Exception <a 'sun/nio/fs/WindowsException'{0x00000000eb817920}> (0x00000000eb817920) 
thrown [s\src\hotspot\share\prims\jni.cpp, line 520]
Event: 3.851 Thread 0x000001290ebf2ba0 Exception <a 'sun/nio/fs/WindowsException'{0x00000000eb82ede0}> (0x00000000eb82ede0) 
thrown [s\src\hotspot\share\prims\jni.cpp, line 520]
Event: 3.852 Thread 0x000001290ebf2ba0 Exception <a 'sun/nio/fs/WindowsException'{0x00000000eb82f8e0}> (0x00000000eb82f8e0) 
thrown [s\src\hotspot\share\prims\jni.cpp, line 520]
Event: 3.862 Thread 0x000001290ebf2ba0 Exception <a 'sun/nio/fs/WindowsException'{0x00000000eb8a3d68}> (0x00000000eb8a3d68) 
thrown [s\src\hotspot\share\prims\jni.cpp, line 520]
Event: 3.863 Thread 0x000001290ebf2ba0 Exception <a 'sun/nio/fs/WindowsException'{0x00000000eb8a4868}> (0x00000000eb8a4868) 
thrown [s\src\hotspot\share\prims\jni.cpp, line 520]
Event: 3.864 Thread 0x000001290ebf2ba0 Exception <a 'sun/nio/fs/WindowsException'{0x00000000eb8a6098}> (0x00000000eb8a6098) 
thrown [s\src\hotspot\share\prims\jni.cpp, line 520]
Event: 3.864 Thread 0x000001290ebf2ba0 Exception <a 'sun/nio/fs/WindowsException'{0x00000000eb8a6978}> (0x00000000eb8a6978) 
thrown [s\src\hotspot\share\prims\jni.cpp, line 520]
Event: 3.864 Thread 0x000001290ebf2ba0 Exception <a 'sun/nio/fs/WindowsException'{0x00000000eb8a7558}> (0x00000000eb8a7558) 
thrown [s\src\hotspot\share\prims\jni.cpp, line 520]
Event: 3.865 Thread 0x000001290ebf2ba0 Exception <a 'sun/nio/fs/WindowsException'{0x00000000eb8a7e38}> (0x00000000eb8a7e38) 
thrown [s\src\hotspot\share\prims\jni.cpp, line 520]
Event: 3.865 Thread 0x000001290ebf2ba0 Exception <a 'sun/nio/fs/WindowsException'{0x00000000eb8a8a98}> (0x00000000eb8a8a98) 
thrown [s\src\hotspot\share\prims\jni.cpp, line 520]
Event: 3.866 Thread 0x000001290ebf2ba0 Exception <a 'sun/nio/fs/WindowsException'{0x00000000eb8a9378}> (0x00000000eb8a9378) 
thrown [s\src\hotspot\share\prims\jni.cpp, line 520]
Event: 3.886 Thread 0x000001290ebf2ba0 Exception <a 'sun/nio/fs/WindowsException'{0x00000000eb993d58}> (0x00000000eb993d58) 
thrown [s\src\hotspot\share\prims\jni.cpp, line 520]
Event: 3.886 Thread 0x000001290ebf2ba0 Exception <a 'sun/nio/fs/WindowsException'{0x00000000eb994638}> (0x00000000eb994638) 
thrown [s\src\hotspot\share\prims\jni.cpp, line 520]
Event: 3.887 Thread 0x000001290ebf2ba0 Exception <a 'sun/nio/fs/WindowsException'{0x00000000eb995208}> (0x00000000eb995208) 
thrown [s\src\hotspot\share\prims\jni.cpp, line 520]
Event: 3.887 Thread 0x000001290ebf2ba0 Exception <a 'sun/nio/fs/WindowsException'{0x00000000eb995ae8}> (0x00000000eb995ae8) 
thrown [s\src\hotspot\share\prims\jni.cpp, line 520]
Event: 3.887 Thread 0x000001290ebf2ba0 Exception <a 'sun/nio/fs/WindowsException'{0x00000000eb996718}> (0x00000000eb996718) 
thrown [s\src\hotspot\share\prims\jni.cpp, line 520]
Event: 3.887 Thread 0x000001290ebf2ba0 Exception <a 'sun/nio/fs/WindowsException'{0x00000000eb996ff8}> (0x00000000eb996ff8) 
thrown [s\src\hotspot\share\prims\jni.cpp, line 520]
Event: 3.888 Thread 0x000001290ebf2ba0 Exception <a 'sun/nio/fs/WindowsException'{0x00000000eb9987c8}> (0x00000000eb9987c8) 
thrown [s\src\hotspot\share\prims\jni.cpp, line 520]
Event: 3.888 Thread 0x000001290ebf2ba0 Exception <a 'sun/nio/fs/WindowsException'{0x00000000eb9990a8}> (0x00000000eb9990a8) 
thrown [s\src\hotspot\share\prims\jni.cpp, line 520]
Event: 3.890 Thread 0x000001290ebf2ba0 Exception <a 'java/lang/NoSuchMethodError'{0x00000000eb9acbc0}: 'void java.lang.invoke.DirectMethodHandle$Holder.invokeVirtual(java.lang.Object, java.lang.Object, java.lang.Object, java.lang.Object)'> (0x00000000eb9acbc0) 
thrown [s\src\hotspot\share\interpreter\linkResolver.cpp, line 773]

ZGC Phase Switch (0 events):
No events

VM Operations (20 events):
Event: 2.384 Executing VM operation: HandshakeAllThreads (Deoptimize)
Event: 2.384 Executing VM operation: HandshakeAllThreads (Deoptimize) done
Event: 2.766 Executing VM operation: HandshakeAllThreads (Deoptimize)
Event: 2.766 Executing VM operation: HandshakeAllThreads (Deoptimize) done
Event: 2.956 Executing VM operation: ParallelGCFailedAllocation (Allocation Failure)
Event: 2.963 Executing VM operation: ParallelGCFailedAllocation (Allocation Failure) done
Event: 3.255 Executing VM operation: ParallelGCFailedAllocation (Allocation Failure)
Event: 3.260 Executing VM operation: ParallelGCFailedAllocation (Allocation Failure) done
Event: 3.355 Executing VM operation: CollectForMetadataAllocation (Metadata GC Threshold)
Event: 3.391 Executing VM operation: CollectForMetadataAllocation (Metadata GC Threshold) done
Event: 3.635 Executing VM operation: ParallelGCFailedAllocation (Allocation Failure)
Event: 3.638 Executing VM operation: ParallelGCFailedAllocation (Allocation Failure) done
Event: 3.650 Executing VM operation: HandshakeAllThreads (Deoptimize)
Event: 3.650 Executing VM operation: HandshakeAllThreads (Deoptimize) done
Event: 3.728 Executing VM operation: HandshakeAllThreads (Deoptimize)
Event: 3.728 Executing VM operation: HandshakeAllThreads (Deoptimize) done
Event: 3.801 Executing VM operation: HandshakeAllThreads (Deoptimize)
Event: 3.802 Executing VM operation: HandshakeAllThreads (Deoptimize) done
Event: 3.803 Executing VM operation: HandshakeAllThreads (Deoptimize)
Event: 3.803 Executing VM operation: HandshakeAllThreads (Deoptimize) done

Memory protections (0 events):
No events

Nmethod flushes (0 events):
No events

Events (20 events):
Event: 1.519 Thread 0x00000128b21ac7a0 Thread added: 0x000001290e9c1740
Event: 1.714 Thread 0x00000128b21ac7a0 Thread added: 0x000001290eb740e0
Event: 1.720 Thread 0x00000128b21ac7a0 Thread added: 0x000001290e612d70
Event: 1.760 Thread 0x000001290e612d70 Thread added: 0x000001290e1054b0
Event: 1.886 Thread 0x000001290e096570 Thread exited: 0x000001290e096570
Event: 1.890 Thread 0x000001290e612d70 Thread added: 0x000001290e096570
Event: 1.927 Thread 0x00000129098c0420 Thread exited: 0x00000129098c0420
Event: 1.968 Thread 0x000001290967ef00 Thread added: 0x000001290e9de5a0
Event: 1.968 Thread 0x000001290967ef00 Thread added: 0x000001290eafd4e0
Event: 2.178 Thread 0x000001290e612d70 Thread added: 0x000001290ed8a5f0
Event: 2.767 Thread 0x000001290eafd4e0 Thread exited: 0x000001290eafd4e0
Event: 2.772 Thread 0x000001290e9de5a0 Thread exited: 0x000001290e9de5a0
Event: 2.783 Thread 0x000001290e612d70 Thread added: 0x000001290e9de5a0
Event: 2.821 Thread 0x000001290e612d70 Thread added: 0x000001290ebf2ba0
Event: 2.844 Thread 0x000001290e612d70 Thread added: 0x000001290edb2b40
Event: 2.929 Thread 0x000001290967ef00 Thread added: 0x000001290ec3af40
Event: 3.023 Thread 0x000001290ec3af40 Thread added: 0x000001290f5761d0
Event: 3.713 Thread 0x000001290e612d70 Thread added: 0x000001290edb0a70
Event: 3.713 Thread 0x000001290edb2b40 Thread added: 0x000001290edb1e20
Event: 3.767 Thread 0x000001290edb0a70 Thread exited: 0x000001290edb0a70


Dynamic libraries:
0x00007ff73c6d0000 - 0x00007ff73c6de000 	c:\Users\mfaiz\.vscode\extensions\redhat.java-1.42.0-win32-x64\jre\21.0.7-win32-x86_64\bin\java.exe
0x00007ffb76570000 - 0x00007ffb76787000 	C:\WINDOWS\SYSTEM32\ntdll.dll
0x00007ffb743d0000 - 0x00007ffb74494000 	C:\WINDOWS\System32\KERNEL32.DLL
0x00007ffb73680000 - 0x00007ffb73a53000 	C:\WINDOWS\System32\KERNELBASE.dll
0x00007ffb73f00000 - 0x00007ffb74011000 	C:\WINDOWS\System32\ucrtbase.dll
0x00007ffb5cb40000 - 0x00007ffb5cb58000 	c:\Users\mfaiz\.vscode\extensions\redhat.java-1.42.0-win32-x64\jre\21.0.7-win32-x86_64\bin\jli.dll
0x00007ffb74210000 - 0x00007ffb743c1000 	C:\WINDOWS\System32\USER32.dll
0x00007ffb73ae0000 - 0x00007ffb73b06000 	C:\WINDOWS\System32\win32u.dll
0x00007ffb758c0000 - 0x00007ffb758e9000 	C:\WINDOWS\System32\GDI32.dll
0x00007ffb73b10000 - 0x00007ffb73c2b000 	C:\WINDOWS\System32\gdi32full.dll
0x00007ffb73da0000 - 0x00007ffb73e3a000 	C:\WINDOWS\System32\msvcp_win.dll
0x00007ffb58910000 - 0x00007ffb5892e000 	c:\Users\mfaiz\.vscode\extensions\redhat.java-1.42.0-win32-x64\jre\21.0.7-win32-x86_64\bin\VCRUNTIME140.dll
0x00007ffb5fda0000 - 0x00007ffb60038000 	C:\WINDOWS\WinSxS\amd64_microsoft.windows.common-controls_6595b64144ccf1df_6.0.22621.5124_none_270e8f4f7386d69d\COMCTL32.dll
0x00007ffb74510000 - 0x00007ffb745b7000 	C:\WINDOWS\System32\msvcrt.dll
0x00007ffb75770000 - 0x00007ffb757a1000 	C:\WINDOWS\System32\IMM32.DLL
0x00007ffb6cae0000 - 0x00007ffb6caec000 	c:\Users\mfaiz\.vscode\extensions\redhat.java-1.42.0-win32-x64\jre\21.0.7-win32-x86_64\bin\vcruntime140_1.dll
0x00007ffb4a4e0000 - 0x00007ffb4a56d000 	c:\Users\mfaiz\.vscode\extensions\redhat.java-1.42.0-win32-x64\jre\21.0.7-win32-x86_64\bin\msvcp140.dll
0x00007ffb368c0000 - 0x00007ffb37650000 	c:\Users\mfaiz\.vscode\extensions\redhat.java-1.42.0-win32-x64\jre\21.0.7-win32-x86_64\bin\server\jvm.dll
0x00007ffb75650000 - 0x00007ffb75701000 	C:\WINDOWS\System32\ADVAPI32.dll
0x00007ffb74fa0000 - 0x00007ffb75048000 	C:\WINDOWS\System32\sechost.dll
0x00007ffb741e0000 - 0x00007ffb74208000 	C:\WINDOWS\System32\bcrypt.dll
0x00007ffb75ed0000 - 0x00007ffb75fe4000 	C:\WINDOWS\System32\RPCRT4.dll
0x00007ffb74eb0000 - 0x00007ffb74f21000 	C:\WINDOWS\System32\WS2_32.dll
0x00007ffb73550000 - 0x00007ffb7359d000 	C:\WINDOWS\SYSTEM32\POWRPROF.dll
0x00007ffb6efa0000 - 0x00007ffb6efd4000 	C:\WINDOWS\SYSTEM32\WINMM.dll
0x00007ffb6b9b0000 - 0x00007ffb6b9ba000 	C:\WINDOWS\SYSTEM32\VERSION.dll
0x00007ffb73530000 - 0x00007ffb73543000 	C:\WINDOWS\SYSTEM32\UMPDC.dll
0x00007ffb726b0000 - 0x00007ffb726c8000 	C:\WINDOWS\SYSTEM32\kernel.appcore.dll
0x00007ffb5cbc0000 - 0x00007ffb5cbca000 	c:\Users\mfaiz\.vscode\extensions\redhat.java-1.42.0-win32-x64\jre\21.0.7-win32-x86_64\bin\jimage.dll
0x00007ffb70b90000 - 0x00007ffb70dc2000 	C:\WINDOWS\SYSTEM32\DBGHELP.DLL
0x00007ffb75b10000 - 0x00007ffb75ea2000 	C:\WINDOWS\System32\combase.dll
0x00007ffb758f0000 - 0x00007ffb759c7000 	C:\WINDOWS\System32\OLEAUT32.dll
0x00007ffb5ece0000 - 0x00007ffb5ed12000 	C:\WINDOWS\SYSTEM32\dbgcore.DLL
0x00007ffb73a60000 - 0x00007ffb73adb000 	C:\WINDOWS\System32\bcryptPrimitives.dll
0x00007ffb56680000 - 0x00007ffb5668f000 	c:\Users\mfaiz\.vscode\extensions\redhat.java-1.42.0-win32-x64\jre\21.0.7-win32-x86_64\bin\instrument.dll
0x00007ffb5cb60000 - 0x00007ffb5cb7f000 	c:\Users\mfaiz\.vscode\extensions\redhat.java-1.42.0-win32-x64\jre\21.0.7-win32-x86_64\bin\java.dll
0x00007ffb745c0000 - 0x00007ffb74e56000 	C:\WINDOWS\System32\SHELL32.dll
0x00007ffb740a0000 - 0x00007ffb741df000 	C:\WINDOWS\System32\wintypes.dll
0x00007ffb715a0000 - 0x00007ffb71eba000 	C:\WINDOWS\SYSTEM32\windows.storage.dll
0x00007ffb76250000 - 0x00007ffb7635a000 	C:\WINDOWS\System32\SHCORE.dll
0x00007ffb74f30000 - 0x00007ffb74f93000 	C:\WINDOWS\System32\shlwapi.dll
0x00007ffb735b0000 - 0x00007ffb735db000 	C:\WINDOWS\SYSTEM32\profapi.dll
0x00007ffb58940000 - 0x00007ffb58958000 	c:\Users\mfaiz\.vscode\extensions\redhat.java-1.42.0-win32-x64\jre\21.0.7-win32-x86_64\bin\zip.dll
0x00007ffb58a00000 - 0x00007ffb58a10000 	C:\Users\mfaiz\.vscode\extensions\redhat.java-1.42.0-win32-x64\jre\21.0.7-win32-x86_64\bin\net.dll
0x00007ffb6ece0000 - 0x00007ffb6ee0c000 	C:\WINDOWS\SYSTEM32\WINHTTP.dll
0x00007ffb72b30000 - 0x00007ffb72b9a000 	C:\WINDOWS\system32\mswsock.dll
0x00007ffb57150000 - 0x00007ffb57166000 	C:\Users\mfaiz\.vscode\extensions\redhat.java-1.42.0-win32-x64\jre\21.0.7-win32-x86_64\bin\nio.dll
0x00007ffb56690000 - 0x00007ffb566a0000 	c:\Users\mfaiz\.vscode\extensions\redhat.java-1.42.0-win32-x64\jre\21.0.7-win32-x86_64\bin\verify.dll
0x00007ffb51f70000 - 0x00007ffb51fb5000 	C:\Users\mfaiz\AppData\Roaming\Code\User\globalStorage\redhat.java\1.42.0\config_ss_win\org.eclipse.equinox.launcher\org.eclipse.equinox.launcher.win32.win32.x86_64_1.2.1300.v20250331-1702\eclipse_11911.dll
0x00007ffb76070000 - 0x00007ffb76211000 	C:\WINDOWS\System32\ole32.dll
0x00007ffb72d80000 - 0x00007ffb72d9b000 	C:\WINDOWS\SYSTEM32\CRYPTSP.dll
0x00007ffb72610000 - 0x00007ffb72647000 	C:\WINDOWS\system32\rsaenh.dll
0x00007ffb72c20000 - 0x00007ffb72c48000 	C:\WINDOWS\SYSTEM32\USERENV.dll
0x00007ffb72da0000 - 0x00007ffb72dac000 	C:\WINDOWS\SYSTEM32\CRYPTBASE.dll
0x00007ffb72160000 - 0x00007ffb7218d000 	C:\WINDOWS\SYSTEM32\IPHLPAPI.DLL
0x00007ffb75640000 - 0x00007ffb75649000 	C:\WINDOWS\System32\NSI.dll
0x00007ffaf3c30000 - 0x00007ffaf3c79000 	C:\Users\mfaiz\AppData\Local\Temp\jna-74358575\jna8203633351441438828.dll
0x00007ffb76220000 - 0x00007ffb76228000 	C:\WINDOWS\System32\PSAPI.DLL

dbghelp: loaded successfully - version: 4.0.5 - missing functions: none
symbol engine: initialized successfully - sym options: 0x614 - pdb path: .;c:\Users\mfaiz\.vscode\extensions\redhat.java-1.42.0-win32-x64\jre\21.0.7-win32-x86_64\bin;C:\WINDOWS\SYSTEM32;C:\WINDOWS\WinSxS\amd64_microsoft.windows.common-controls_6595b64144ccf1df_6.0.22621.5124_none_270e8f4f7386d69d;c:\Users\mfaiz\.vscode\extensions\redhat.java-1.42.0-win32-x64\jre\21.0.7-win32-x86_64\bin\server;C:\Users\mfaiz\AppData\Roaming\Code\User\globalStorage\redhat.java\1.42.0\config_ss_win\org.eclipse.equinox.launcher\org.eclipse.equinox.launcher.win32.win32.x86_64_1.2.1300.v20250331-1702;C:\Users\mfaiz\AppData\Local\Temp\jna-74358575

VM Arguments:
jvm_args: --add-modules=ALL-SYSTEM --add-opens=java.base/java.util=ALL-UNNAMED --add-opens=java.base/java.lang=ALL-UNNAMED --add-opens=java.base/sun.nio.fs=ALL-UNNAMED -Declipse.application=org.eclipse.jdt.ls.core.id1 -Dosgi.bundles.defaultStartLevel=4 -Declipse.product=org.eclipse.jdt.ls.core.product -Djava.import.generatesMetadataFilesAtProjectRoot=false -DDetectVMInstallationsJob.disabled=true -Dfile.encoding=utf8 -XX:+UseParallelGC -XX:GCTimeRatio=4 -XX:AdaptiveSizePolicyWeight=90 -Dsun.zip.disableMemoryMapping=true -Xmx1G -Xms100m -Xlog:disable -javaagent:c:\Users\mfaiz\.vscode\extensions\redhat.java-1.42.0-win32-x64\lombok\lombok-1.18.36.jar 
java_command: c:\Users\mfaiz\.vscode\extensions\redhat.java-1.42.0-win32-x64\server\plugins\org.eclipse.equinox.launcher_1.7.0.v20250424-1814.jar -configuration c:\Users\mfaiz\AppData\Roaming\Code\User\globalStorage\redhat.java\1.42.0\config_ss_win -data c:\Users\mfaiz\AppData\Roaming\Code\User\workspaceStorage\9962946c54f14e9d25a3d5b794bc32bb\redhat.java\ss_ws --pipe=\\.\pipe\lsp-50158eea7c50ed3cda2978efe3e273cd-sock
java_class_path (initial): c:\Users\mfaiz\.vscode\extensions\redhat.java-1.42.0-win32-x64\server\plugins\org.eclipse.equinox.launcher_1.7.0.v20250424-1814.jar
Launcher Type: SUN_STANDARD

[Global flags]
    uintx AdaptiveSizePolicyWeight                 = 90                                        {product} {command line}
     intx CICompilerCount                          = 4                                         {product} {ergonomic}
    uintx GCTimeRatio                              = 4                                         {product} {command line}
   size_t InitialHeapSize                          = 104857600                                 {product} {command line}
   size_t MaxHeapSize                              = 1073741824                                {product} {command line}
   size_t MaxNewSize                               = 357564416                                 {product} {ergonomic}
   size_t MinHeapDeltaBytes                        = 524288                                    {product} {ergonomic}
   size_t MinHeapSize                              = 104857600                                 {product} {command line}
   size_t NewSize                                  = 34603008                                  {product} {ergonomic}
    uintx NonNMethodCodeHeapSize                   = 5839372                                {pd product} {ergonomic}
    uintx NonProfiledCodeHeapSize                  = 122909434                              {pd product} {ergonomic}
   size_t OldSize                                  = 70254592                                  {product} {ergonomic}
    uintx ProfiledCodeHeapSize                     = 122909434                              {pd product} {ergonomic}
    uintx ReservedCodeCacheSize                    = 251658240                              {pd product} {ergonomic}
     bool SegmentedCodeCache                       = true                                      {product} {ergonomic}
   size_t SoftMaxHeapSize                          = 1073741824                             {manageable} {ergonomic}
     bool UseCompressedOops                        = true                           {product lp64_product} {ergonomic}
     bool UseLargePagesIndividualAllocation        = false                                  {pd product} {ergonomic}
     bool UseParallelGC                            = true                                      {product} {command line}

Logging:
Log output configuration:
 #0: stdout all=off uptime,level,tags foldmultilines=false
 #1: stderr all=off uptime,level,tags foldmultilines=false

Environment Variables:
PATH=C:\Program Files\Common Files\Oracle\Java\javapath;C:\Program Files (x86)\VMware\VMware Workstation\bin\;C:\Program Files (x86)\Common Files\Oracle\Java\javapath;C:\WINDOWS\system32;C:\WINDOWS;C:\WINDOWS\System32\Wbem;C:\WINDOWS\System32\WindowsPowerShell\v1.0\;C:\WINDOWS\System32\OpenSSH\;D:\Delphi7\Bin;D:\Delphi7\Projects\Bpl;D:\Delphi7\Rave5;C:\Program Files\nodejs\;C:\ProgramData\ComposerSetup\bin;C:\laragon\bin\php\php-8.3.12-nts-Win32-vs16-x64;C:\Program Files\Git\cmd;C:\Program Files\dotnet\;D:\;C:\Users\mfaiz\AppData\Local\Programs\Python\Python311\Scripts\;C:\Users\mfaiz\AppData\Local\Programs\Python\Python311\;C:\Users\mfaiz\AppData\Local\Microsoft\WindowsApps;C:\Users\mfaiz\AppData\Local\spicetify;C:\Users\mfaiz\AppData\Local\Programs\Microsoft VS Code\bin;C:\Users\mfaiz\AppData\Roaming\npm;C:\Users\mfaiz\AppData\Roaming\Composer\vendor\bin;D:\PyCharm Community Edition 2024.3.4\bin;;
USERNAME=Miyas
OS=Windows_NT
PROCESSOR_IDENTIFIER=AMD64 Family 25 Model 68 Stepping 1, AuthenticAMD
TMP=C:\Users\mfaiz\AppData\Local\Temp
TEMP=C:\Users\mfaiz\AppData\Local\Temp




Periodic native trim disabled

---------------  S Y S T E M  ---------------

OS:
 Windows 11 , 64 bit Build 22621 (10.0.22621.5124)
OS uptime: 0 days 1:54 hours

CPU: total 12 (initial active 12) (12 cores per cpu, 2 threads per core) family 25 model 68 stepping 1 microcode 0x0, cx8, cmov, fxsr, ht, mmx, 3dnowpref, sse, sse2, sse3, ssse3, sse4a, sse4.1, sse4.2, popcnt, lzcnt, tsc, tscinvbit, avx, avx2, aes, erms, clmul, bmi1, bmi2, adx, sha, fma, vzeroupper, clflush, clflushopt, rdtscp, rdpid, fsrm, f16c, pku, cet_ss
Processor Information for the first 12 processors :
  Max Mhz: 3301, Current Mhz: 2503, Mhz Limit: 3301

Memory: 4k page, system-wide physical 15611M (1684M free)
TotalPageFile size 21305M (AvailPageFile size 2M)
current process WorkingSet (physical memory assigned to process): 151M, peak: 151M
current process commit charge ("private bytes"): 259M, peak: 259M

vm_info: OpenJDK 64-Bit Server VM (21.0.7+6-LTS) for windows-amd64 JRE (21.0.7+6-LTS), built on 2025-04-15T00:00:00Z by "admin" with MS VC++ 17.7 (VS2022)

END.
